Build started 11/25/2014 8:19:57 AM.
     1>Project "C:\Users\Ming Yang\Desktop\KinectTouchlessGesture\kinect_hand_tracking\kinect_hand_tracking.vcxproj" on node 2 (Build target(s)).
     1>ClCompile:
         C:\Program Files (x86)\Microsoft Visual Studio 12.0\VC\bin\CL.exe /c /IC:\Qt\5.3\msvc2013_opengl\include /IC:\lib\freeglut\include\GL /IC:\lib\glew\include\GL /Zi /nologo /W3 /WX- /Od /Oy- /D WIN32 /D _DEBUG /D _CONSOLE /D _MSVC /D QT_DEBUG /D QT_LARGEFILE_SUPPORT /D QT_DLL /D QT_GUI_LIB /D QT_CORE_LIB /D QT_THREAD_SUPPORT /D NOMINMAX /D _VC80_UPGRADE=0x0710 /D _MBCS /Gm /EHsc /RTC1 /MDd /GS /fp:precise /Zc:wchar_t /Zc:forScope /GR /Fo"debug\\" /Fd"debug\vc120.pdb" /Gd /TP /analyze- /errorReport:prompt source\glwidget.cpp source\main.cpp source\mainwindow.cpp source\moc_glwidget.cpp source\moc_mainwindow.cpp
         moc_mainwindow.cpp
         moc_glwidget.cpp
         mainwindow.cpp
         main.cpp
         glwidget.cpp
         Generating Code...
       Link:
         C:\Program Files (x86)\Microsoft Visual Studio 12.0\VC\bin\link.exe /ERRORREPORT:PROMPT /OUT:"C:\Users\Ming Yang\Desktop\KinectTouchlessGesture\kinect_hand_tracking\\bin\x86\kinect_hand_tracking__x86_debug.exe" /INCREMENTAL /NOLOGO /LIBPATH:C:\Qt\5.3\msvc2013_opengl\lib /LIBPATH:C:\lib\glew\lib /LIBPATH:C:\lib\freeglut\lib opengl32.lib glu32.lib freeglut.lib glew32.lib qt5cored.lib qt5guid.lib qt5opengld.lib qt5widgetsd.lib qt5networkd.lib kernel32.lib user32.lib gdi32.lib winspool.lib comdlg32.lib advapi32.lib shell32.lib ole32.lib oleaut32.lib uuid.lib odbc32.lib odbccp32.lib /MANIFEST /MANIFESTUAC:"level='asInvoker' uiAccess='false'" /manifest:embed /DEBUG /PDB:"C:\Users\Ming Yang\Desktop\KinectTouchlessGesture\kinect_hand_tracking\\bin\x86\kinect_hand_tracking__x86_debug.pdb" /SUBSYSTEM:CONSOLE /TLBID:1 /DYNAMICBASE:NO /IMPLIB:"C:\Users\Ming Yang\Desktop\KinectTouchlessGesture\kinect_hand_tracking\\bin\x86\kinect_hand_tracking__x86_debug.lib" /MACHINE:X86 /SAFESEH debug\glwidget.obj
         debug\main.obj
         debug\mainwindow.obj
         debug\moc_glwidget.obj
         debug\moc_mainwindow.obj
         kinect_hand_tracking.vcxproj -> C:\Users\Ming Yang\Desktop\KinectTouchlessGesture\kinect_hand_tracking\\bin\x86\kinect_hand_tracking__x86_debug.exe
     1>Done Building Project "C:\Users\Ming Yang\Desktop\KinectTouchlessGesture\kinect_hand_tracking\kinect_hand_tracking.vcxproj" (Build target(s)).

Build succeeded.

Time Elapsed 00:00:11.37
